<?xml version="1.0" encoding="UTF-8"?>
<testng-results ignored="0" total="1" passed="1" failed="0" skipped="0">
  <reporter-output>
  </reporter-output>
  <suite started-at="2025-05-06T11:30:00 IST" name="Suite" finished-at="2025-05-06T11:30:20 IST" duration-ms="19503">
    <groups>
    </groups>
    <test started-at="2025-05-06T11:30:00 IST" name="Test" finished-at="2025-05-06T11:30:20 IST" duration-ms="19503">
      <class name="p1.c1">
        <test-method signature="t1(java.lang.String,java.lang.String)[pri:0, instance:p1.c1@4466af20]" started-at="2025-05-06T11:30:00 IST" name="t1" finished-at="2025-05-06T11:30:20 IST" duration-ms="19343" status="PASS">
          <params>
            <param index="0">
              <value>
                <![CDATA[Dhivyakarthi123]]>
              </value>
            </param>
            <param index="1">
              <value>
                <![CDATA[12345]]>
              </value>
            </param>
          </params>
          <reporter-output>
          </reporter-output>
        </test-method> <!-- t1 -->
      </class> <!-- p1.c1 -->
    </test> <!-- Test -->
  </suite> <!-- Suite -->
</testng-results>
