<?xml version="1.0" encoding="UTF-8"?>
<!-- Generated by org.testng.reporters.JUnitXMLReporter -->
<testsuite ignored="0" hostname="DESKTOP-EV7659B" failures="0" tests="3" name="Default test" time="0.256" errors="0" timestamp="2025-05-22T10:39:31 IST">
  <testcase classname="testingdependency.d2" name="visiting" time="0.038"/>
  <testcase classname="testingdependency.d2" name="lg" time="0.015"/>
  <testcase classname="testingdependency.d2" name="home" time="0.005"/>
</testsuite> <!-- Default test -->
